--- Copying files at Thu Jul 16 05:24:26 UTC 2020
INSTALLED init.groovy.d/tcp-slave-agent-port.groovy
--- Copying files at Thu Jul 16 05:35:07 UTC 2020
--- Copying files at Thu Jul 16 05:48:52 UTC 2020
--- Copying files at Fri Jul 17 06:02:59 UTC 2020
--- Copying files at Fri Jul 17 06:03:45 UTC 2020
--- Copying files at Fri Jul 17 06:07:53 UTC 2020
--- Copying files at Fri Jul 17 06:58:16 UTC 2020
--- Copying files at Fri Jul 17 06:59:15 UTC 2020
--- Copying files at Fri Jul 17 07:03:01 UTC 2020
--- Copying files at Mon Jul 20 05:22:13 UTC 2020
--- Copying files at Tue Jul 21 03:57:50 UTC 2020
--- Copying files at Tue Jul 21 06:35:02 UTC 2020
--- Copying files at Tue Jul 21 07:17:10 UTC 2020
--- Copying files at Tue Jul 21 07:27:13 UTC 2020
--- Copying files at Tue Jul 21 09:15:50 UTC 2020
--- Copying files at Tue Jul 21 09:16:45 UTC 2020
--- Copying files at Tue Jul 21 09:23:57 UTC 2020
--- Copying files at Wed Jul 22 06:29:46 UTC 2020
--- Copying files at Thu Jul 23 13:19:23 UTC 2020
